<?xml version="1.0" encoding="UTF-8"?>
<testng-results skipped="0" failed="0" ignored="0" total="1" passed="1">
  <reporter-output>
  </reporter-output>
  <suite name="Surefire suite" duration-ms="68" started-at="2022-08-17T18:35:27 CAT" finished-at="2022-08-17T18:35:27 CAT">
    <groups>
    </groups>
    <test name="Surefire test" duration-ms="68" started-at="2022-08-17T18:35:27 CAT" finished-at="2022-08-17T18:35:27 CAT">
      <class name="mvnhome.mvnhome.AppTest">
        <test-method status="PASS" signature="shouldAnswerWithTrue()[pri:0, instance:mvnhome.mvnhome.AppTest@1660f4e]" name="shouldAnswerWithTrue" duration-ms="13" started-at="2022-08-17T18:35:27 CAT" finished-at="2022-08-17T18:35:27 CAT">
          <reporter-output>
          </reporter-output>
        </test-method> <!-- shouldAnswerWithTrue -->
      </class> <!-- mvnhome.mvnhome.AppTest -->
    </test> <!-- Surefire test -->
  </suite> <!-- Surefire suite -->
</testng-results>
